info it worked if it ends with ok
verbose cli [ 'node',
verbose cli   '/Users/jhampton/local/bin/npm',
verbose cli   'install',
verbose cli   'dynamodb' ]
info using npm@1.0.30
info using node@v0.4.8
verbose config file /Users/jhampton/.npmrc
verbose config file /Users/jhampton/local/etc/npmrc
silly testEngine { name: 'ender',
silly testEngine   description: 'next level JavaScript modules',
silly testEngine   version: '0.6.6',
silly testEngine   authors: [ 'Dustin Diaz <@ded>', 'Jacob Thornton <@fat>' ],
silly testEngine   keywords: 
silly testEngine    [ 'ender',
silly testEngine      'modules',
silly testEngine      'builder',
silly testEngine      'framework',
silly testEngine      'packager' ],
silly testEngine   main: './lib/ender.js',
silly testEngine   homepage: 'https://github.com/ender-js/ender',
silly testEngine   engines: { node: '>= 0.4.0' },
silly testEngine   dependencies: 
silly testEngine    { npm: '>= 1.0.0',
silly testEngine      colors: '>= 0.3.0',
silly testEngine      'uglify-js': '>= 0.0.1',
silly testEngine      gzip: '>= 0.1.0',
silly testEngine      async: '>= 0.1.9' },
silly testEngine   devDependencies: { 'sink-test': '*' },
silly testEngine   directories: { lib: './lib', bin: './bin' },
silly testEngine   bin: { ender: './bin/ender' },
silly testEngine   preferGlobal: true,
silly testEngine   _npmJsonOpts: 
silly testEngine    { file: '/Users/jhampton/node_modules/ender/package.json',
silly testEngine      wscript: false,
silly testEngine      contributors: false,
silly testEngine      serverjs: false },
silly testEngine   _id: 'ender@0.6.6',
silly testEngine   _engineSupported: true,
silly testEngine   _npmVersion: '1.0.30',
silly testEngine   _nodeVersion: 'v0.4.8',
silly testEngine   _defaultsLoaded: true }
verbose caching /Users/jhampton/node_modules/ender/package.json
verbose loadDefaults ender@0.6.6
silly testEngine { name: 'socket.io',
silly testEngine   version: '0.8.7',
silly testEngine   description: 'Real-time apps made cross-browser & easy with a WebSocket-like API',
silly testEngine   homepage: 'http://socket.io',
silly testEngine   keywords: 
silly testEngine    [ 'websocket',
silly testEngine      'socket',
silly testEngine      'realtime',
silly testEngine      'socket.io',
silly testEngine      'comet',
silly testEngine      'ajax' ],
silly testEngine   author: 
silly testEngine    { name: 'Guillermo Rauch',
silly testEngine      email: 'guillermo@learnboost.com' },
silly testEngine   contributors: 
silly testEngine    [ { name: 'Guillermo Rauch', email: 'rauchg@gmail.com' },
silly testEngine      { name: 'Arnout Kazemier',
silly testEngine        email: 'info@3rd-eden.com' },
silly testEngine      { name: 'Vladimir Dronnikov',
silly testEngine        email: 'dronnikov@gmail.com' },
silly testEngine      { name: 'Einar Otto Stangvik',
silly testEngine        email: 'einaros@gmail.com' } ],
silly testEngine   repository: 
silly testEngine    { type: 'git',
silly testEngine      url: 'git://github.com/LearnBoost/socket.io.git' },
silly testEngine   dependencies: 
silly testEngine    { 'socket.io-client': '0.8.7',
silly testEngine      policyfile: '0.0.4',
silly testEngine      redis: '0.6.7' },
silly testEngine   devDependencies: 
silly testEngine    { expresso: '0.9.2',
silly testEngine      should: '0.0.4',
silly testEngine      assertvanish: '0.0.3-1',
silly testEngine      benchmark: '0.2.2',
silly testEngine      microtime: '0.1.3-1',
silly testEngine      colors: '0.5.1' },
silly testEngine   main: 'index',
silly testEngine   engines: { node: '>= 0.4.0' },
silly testEngine   _npmJsonOpts: 
silly testEngine    { file: '/Users/jhampton/node_modules/socket.io/package.json',
silly testEngine      wscript: false,
silly testEngine      contributors: false,
silly testEngine      serverjs: false },
silly testEngine   _id: 'socket.io@0.8.7',
silly testEngine   _engineSupported: true,
silly testEngine   _npmVersion: '1.0.30',
silly testEngine   _nodeVersion: 'v0.4.8',
silly testEngine   _defaultsLoaded: true }
verbose caching /Users/jhampton/node_modules/socket.io/package.json
verbose loadDefaults socket.io@0.8.7
verbose into /Users/jhampton [ 'dynamodb' ]
verbose cache add dynamodb
verbose cache add [ 'dynamodb', null ]
silly cache add: name, spec, args [ undefined, 'dynamodb', [ 'dynamodb', null ] ]
verbose parsed url { pathname: 'dynamodb', href: 'dynamodb' }
info addNamed [ 'dynamodb', '' ]
verbose addNamed [ null, '' ]
verbose GET dynamodb
verbose raw, before any munging dynamodb
verbose url resolving [ 'http://registry.npmjs.org/', './dynamodb' ]
verbose url resolved http://registry.npmjs.org/dynamodb
verbose etag "73OOJRU479C4GOSIZ7VG6COP8"
silly get cb [ 304,
silly get cb   { server: 'CouchDB/1.1.0 (Erlang OTP/R14B04)',
silly get cb     etag: '"73OOJRU479C4GOSIZ7VG6COP8"',
silly get cb     date: 'Wed, 25 Jan 2012 05:53:22 GMT',
silly get cb     'content-length': '0' } ]
verbose etag dynamodb from cache
verbose GET dynamodb/0.1.12
verbose raw, before any munging dynamodb/0.1.12
verbose url resolving [ 'http://registry.npmjs.org/', './dynamodb/0.1.12' ]
verbose url resolved http://registry.npmjs.org/dynamodb/0.1.12
verbose etag "73OOJRU479C4GOSIZ7VG6COP8"
silly get cb [ 304,
silly get cb   { server: 'CouchDB/1.1.0 (Erlang OTP/R14B04)',
silly get cb     etag: '"73OOJRU479C4GOSIZ7VG6COP8"',
silly get cb     date: 'Wed, 25 Jan 2012 05:53:22 GMT',
silly get cb     'content-length': '0' } ]
verbose etag dynamodb/0.1.12 from cache
verbose bin dist [ '0.4-ares1.7.4-ev4.4-openssl0.9.8l-v83.1.8.16-darwin-11.2.0',
verbose bin dist   { shasum: '42a760f35867c4ab5d76b129a9e05b8f0c298172',
verbose bin dist     tarball: 'http://registry.npmjs.org/dynamodb/-/dynamodb-0.1.12.tgz' } ]
silly testEngine { name: 'dynamodb',
silly testEngine   version: '0.1.12',
silly testEngine   description: 'Simple DynamoDB Library for Node.js',
silly testEngine   keywords: [ 'dynamo', 'node', 'db', 'aws', 'amazon' ],
silly testEngine   homepage: 'https://github.com/spolu/node-dynamodb',
silly testEngine   author: 
silly testEngine    { name: 'Stanislas Polu',
silly testEngine      email: 'stan@teleportd.com',
silly testEngine      url: 'http://twitter.com/spolu' },
silly testEngine   repository: 
silly testEngine    { type: 'git',
silly testEngine      url: 'git://github.com/spolu/node-dynamodb.git' },
silly testEngine   os: [ 'linux', 'darwin', 'freebsd' ],
silly testEngine   dependencies: { fwk: '0.1.x' },
silly testEngine   main: './lib/ddb',
silly testEngine   engines: { node: '>=0.6.0' },
silly testEngine   _npmJsonOpts: 
silly testEngine    { file: '/Users/jhampton/.npm/dynamodb/0.1.12/package/package.json',
silly testEngine      wscript: false,
silly testEngine      contributors: false,
silly testEngine      serverjs: false },
silly testEngine   _id: 'dynamodb@0.1.12',
silly testEngine   devDependencies: {},
silly testEngine   _engineSupported: false,
silly testEngine   _npmVersion: '1.0.30',
silly testEngine   _nodeVersion: 'v0.4.8',
silly testEngine   _defaultsLoaded: true }
verbose caching /Users/jhampton/.npm/dynamodb/0.1.12/package/package.json
verbose loadDefaults dynamodb@0.1.12
silly resolved [ { name: 'dynamodb',
silly resolved     version: '0.1.12',
silly resolved     description: 'Simple DynamoDB Library for Node.js',
silly resolved     keywords: [ 'dynamo', 'node', 'db', 'aws', 'amazon' ],
silly resolved     homepage: 'https://github.com/spolu/node-dynamodb',
silly resolved     author: 
silly resolved      { name: 'Stanislas Polu',
silly resolved        email: 'stan@teleportd.com',
silly resolved        url: 'http://twitter.com/spolu' },
silly resolved     repository: 
silly resolved      { type: 'git',
silly resolved        url: 'git://github.com/spolu/node-dynamodb.git' },
silly resolved     os: [ 'linux', 'darwin', 'freebsd' ],
silly resolved     dependencies: { fwk: '0.1.x' },
silly resolved     main: './lib/ddb',
silly resolved     engines: { node: '>=0.6.0' },
silly resolved     _npmJsonOpts: 
silly resolved      { file: '/Users/jhampton/.npm/dynamodb/0.1.12/package/package.json',
silly resolved        wscript: false,
silly resolved        contributors: false,
silly resolved        serverjs: false },
silly resolved     _id: 'dynamodb@0.1.12',
silly resolved     devDependencies: {},
silly resolved     _engineSupported: false,
silly resolved     _npmVersion: '1.0.30',
silly resolved     _nodeVersion: 'v0.4.8',
silly resolved     _defaultsLoaded: true } ]
info into /Users/jhampton dynamodb@0.1.12
info installOne dynamodb@0.1.12
verbose installOne cb dynamodb@0.1.12
ERR! Unsupported
ERR! Not compatible with your version of node/npm: dynamodb@0.1.12
ERR! Required: {"node":">=0.6.0"}
ERR! Actual:   {"npm":"1.0.30","node":"v0.4.8"}
ERR! 
ERR! System Darwin 11.2.0
ERR! command "node" "/Users/jhampton/local/bin/npm" "install" "dynamodb"
ERR! cwd /Users/jhampton/Sites/yelltimber-nodejs/yelltimber-live
ERR! node -v v0.4.8
ERR! npm -v 1.0.30
verbose exit [ 1, true ]
